<?xml version="1.0" encoding="UTF-8"?>
<!-- Copyright (C) 2013-2014 The JBromo Authors. Permission is hereby granted, 
	free of charge, to any person obtaining a copy of this software and associated 
	documentation files (the "Software"), to deal in the Software without restriction, 
	including without limitation the rights to use, copy, modify, merge, publish, 
	distribute, sublicense, and/or sell copies of the Software, and to permit 
	persons to whom the Software is furnished to do so, subject to the following 
	conditions: The above copyright notice and this permission notice shall be 
	included in all copies or substantial portions of the Software. THE SOFTWARE 
	IS PROVIDED "AS IS", WITHOUT WARRANTY OF ANY KIND, EXPRESS OR IMPLIED, INCLUDING 
	BUT NOT LIMITED TO THE WARRANTIES OF MERCHANTABILITY, FITNESS FOR A PARTICULAR 
	PURPOSE AND NONINFRINGEMENT. IN NO EVENT SHALL THE AUTHORS OR COPYRIGHT HOLDERS 
	BE LIABLE FOR ANY CLAIM, DAMAGES OR OTHER LIABILITY, WHETHER IN AN ACTION 
	OF CONTRACT, TORT OR OTHERWISE, ARISING FROM, OUT OF OR IN CONNECTION WITH 
	THE SOFTWARE OR THE USE OR OTHER DEALINGS IN THE SOFTWARE. -->
<persistence version="2.0"
	xmlns="http://java.sun.com/xml/ns/persistence" xmlns:xsi="http://www.w3.org/2001/XMLSchema-instance"
	xsi:schemaLocation="
        http://java.sun.com/xml/ns/persistence
        http://java.sun.com/xml/ns/persistence/persistence_2_0.xsd">
	<persistence-unit name="BromoArquillianPU">
		<!-- If you are running in a production environment, add a managed data 
			source, the example data source is just for proofs of concept! -->
		<jta-data-source>java:jboss/datasources/ExampleDS</jta-data-source>
		<class>org.jbromo.model.jpa.AbstractEntityId</class>
		<properties>
			<!-- Properties for Hibernate -->
			<property name="hibernate.hbm2ddl.auto" value="create-drop" />
			<property name="hibernate.show_sql" value="true" />
			<property name="hibernate.connection.autocommit" value="false" />
		</properties>
	</persistence-unit>
</persistence>